INFO - 2024-01-02T14:36:59 application opened
INFO - 2024-01-02T14:37:11 session started with mins 30
INFO - 2024-01-02T15:07:11 session finished with mins 30
INFO - 2024-01-02T15:10:26 session started with mins 30
INFO - 2024-01-02T15:40:26 session finished with mins 30
INFO - 2024-01-02T16:29:31 session started with mins 30
INFO - 2024-01-02T16:59:31 session finished with mins 30
INFO - 2024-01-02T18:01:28 session started with mins 30
INFO - 2024-01-02T18:31:28 session finished with mins 30
INFO - 2024-01-02T21:03:59 application closed
INFO - 2024-01-11T15:13:45 application opened
INFO - 2024-01-11T15:14:02 application opened
INFO - 2024-01-11T15:14:04 application closed
INFO - 2024-01-11T15:15:07 application opened
INFO - 2024-01-11T15:15:14 application closed
INFO - 2024-01-11T15:51:11 application opened
INFO - 2024-01-11T15:51:20 session started with mins 15
INFO - 2024-01-11T15:51:22 stopped session
INFO - 2024-01-11T15:51:23 application closed
INFO - 2024-01-11T15:53:38 application opened
INFO - 2024-01-11T15:53:40 session started with mins 30
INFO - 2024-01-11T15:53:42 application closed
INFO - 2024-01-11T15:54:00 application opened
INFO - 2024-01-11T15:54:01 session started with mins 30
INFO - 2024-01-11T15:54:03 stopped session
INFO - 2024-01-11T15:54:08 session started with mins 5
INFO - 2024-01-11T15:54:10 stopped session
INFO - 2024-01-11T15:54:10 application closed
INFO - 2024-01-11T15:57:16 application opened
INFO - 2024-01-11T15:57:16 session started with mins 30
INFO - 2024-01-11T15:57:17 stopped session
INFO - 2024-01-11T15:57:17 application closed
INFO - 2024-01-11T16:01:28 application opened
INFO - 2024-01-11T16:01:28 application closed
INFO - 2024-01-11T16:01:54 application opened
INFO - 2024-01-11T16:01:55 application closed
INFO - 2024-01-11T16:03:21 application opened
INFO - 2024-01-11T16:03:22 session started with mins 30
INFO - 2024-01-11T16:03:23 stopped session
INFO - 2024-01-11T16:03:28 session started with mins 5
INFO - 2024-01-11T16:03:29 stopped session
INFO - 2024-01-11T16:03:30 application closed
INFO - 2024-01-11T16:14:28 application opened
